2023-02-08 11:46:29,131 [django.utils.autoreload:677] [autoreload:run_with_reloader] [INFO] Watching for file changes with StatReloader
2023-02-08 11:46:31,937 [django.server:187] [basehttp:log_message] [INFO] "GET /login/ HTTP/1.1" 200 1075
2023-02-08 11:46:32,042 [django.server:187] [basehttp:log_message] [INFO] "GET /static/bootstrap/css/bootstrap.min.css HTTP/1.1" 200 162264
2023-02-08 11:46:32,044 [django.server:187] [basehttp:log_message] [INFO] "GET /static/bootstrap/js/popper.js HTTP/1.1" 200 104916
2023-02-08 11:46:32,061 [django.server:187] [basehttp:log_message] [INFO] "GET /static/bootstrap/css/bootstrap.min.css.map HTTP/1.1" 200 654593
2023-02-08 11:46:32,083 [django.server:187] [basehttp:log_message] [WARNING] "GET /static/login/css/overall.css HTTP/1.1" 404 1932
2023-02-08 11:46:32,093 [django.server:187] [basehttp:log_message] [INFO] "GET /static/bootstrap/js/bootstrap.min.js.map HTTP/1.1" 200 185257
2023-02-08 11:46:32,128 [django.server:187] [basehttp:log_message] [WARNING] "GET /static/bootstrap/js/popper.js.map HTTP/1.1" 404 1947
2023-02-08 11:46:32,163 [django.server:187] [basehttp:log_message] [ERROR] "GET /favicon.ico HTTP/1.1" 500 104276
2023-02-08 11:46:38,636 [django.server:187] [basehttp:log_message] [ERROR] "GET /register/ HTTP/1.1" 500 104428
2023-02-08 11:46:38,806 [django.server:187] [basehttp:log_message] [ERROR] "GET /favicon.ico HTTP/1.1" 500 104279
2023-02-08 11:47:05,753 [django.utils.autoreload:266] [autoreload:trigger_reload] [INFO] D:\项目\MockServer\MockServer\urls.py changed, reloading.
2023-02-08 11:47:06,557 [django.utils.autoreload:677] [autoreload:run_with_reloader] [INFO] Watching for file changes with StatReloader
2023-02-08 11:47:09,314 [django.server:187] [basehttp:log_message] [INFO] "GET /register/ HTTP/1.1" 200 1290
2023-02-08 11:47:09,331 [django.server:187] [basehttp:log_message] [INFO] "GET /static/bootstrap/js/popper.js HTTP/1.1" 304 0
2023-02-08 11:47:09,347 [django.server:187] [basehttp:log_message] [INFO] "GET /static/register/css/register.css HTTP/1.1" 200 368
2023-02-08 11:47:09,358 [django.server:187] [basehttp:log_message] [INFO] "GET /static/bootstrap/css/bootstrap.min.css.map HTTP/1.1" 200 654593
2023-02-08 11:47:09,369 [django.server:187] [basehttp:log_message] [INFO] "GET /static/bootstrap/js/bootstrap.min.js.map HTTP/1.1" 200 185257
2023-02-08 11:47:09,373 [django.server:187] [basehttp:log_message] [WARNING] "GET /static/register/img/register.jpg HTTP/1.1" 404 1944
2023-02-08 11:47:09,413 [django.server:187] [basehttp:log_message] [WARNING] "GET /static/bootstrap/js/popper.js.map HTTP/1.1" 404 1947
2023-02-08 11:47:09,436 [django.server:187] [basehttp:log_message] [ERROR] "GET /favicon.ico HTTP/1.1" 500 104279
2023-02-08 11:48:33,621 [django.server:187] [basehttp:log_message] [INFO] "GET /static/bootstrap/js/bootstrap.min.js.map HTTP/1.1" 200 185257
2023-02-08 11:48:33,631 [django.server:187] [basehttp:log_message] [WARNING] "GET /static/bootstrap/js/popper.js.map HTTP/1.1" 404 1947
2023-02-08 11:48:33,654 [django.server:187] [basehttp:log_message] [WARNING] "GET /static/login/css/overall.css HTTP/1.1" 404 1932
2023-02-08 11:48:33,681 [django.server:187] [basehttp:log_message] [INFO] "GET /static/bootstrap/css/bootstrap.min.css.map HTTP/1.1" 200 654593
2023-02-08 13:55:13,484 [django.server:187] [basehttp:log_message] [INFO] "GET /login/ HTTP/1.1" 200 1073
2023-02-08 13:55:13,496 [django.server:187] [basehttp:log_message] [INFO] "GET /static/bootstrap/js/popper.js HTTP/1.1" 304 0
2023-02-08 13:55:13,497 [django.server:187] [basehttp:log_message] [INFO] "GET /static/login/css/login.css HTTP/1.1" 200 313
2023-02-08 13:55:13,511 [django.server:187] [basehttp:log_message] [WARNING] "GET /static/login/img/login.jpg HTTP/1.1" 404 1926
2023-02-08 13:55:13,704 [django.server:187] [basehttp:log_message] [ERROR] "GET /favicon.ico HTTP/1.1" 500 104276
2023-02-08 13:55:14,968 [django.server:187] [basehttp:log_message] [INFO] "GET /login/ HTTP/1.1" 200 1073
2023-02-08 13:55:15,028 [django.server:187] [basehttp:log_message] [ERROR] "GET /favicon.ico HTTP/1.1" 500 104276
2023-02-08 13:55:16,432 [django.server:187] [basehttp:log_message] [INFO] "GET /login/ HTTP/1.1" 200 1073
2023-02-08 13:55:16,488 [django.server:187] [basehttp:log_message] [ERROR] "GET /favicon.ico HTTP/1.1" 500 104276
2023-02-08 13:55:17,295 [django.server:187] [basehttp:log_message] [INFO] "GET /login/ HTTP/1.1" 200 1073
2023-02-08 13:55:17,347 [django.server:187] [basehttp:log_message] [ERROR] "GET /favicon.ico HTTP/1.1" 500 104276
2023-02-08 15:41:07,740 [django.server:187] [basehttp:log_message] [ERROR] "POST /mdc/login?order=123 HTTP/1.1" 500 102999
2023-02-08 17:28:18,157 [django.server:187] [basehttp:log_message] [INFO] "GET /login/ HTTP/1.1" 200 1069
2023-02-08 17:28:18,198 [django.server:187] [basehttp:log_message] [INFO] "GET /static/login/css/login.css HTTP/1.1" 304 0
2023-02-08 17:28:18,202 [django.server:187] [basehttp:log_message] [INFO] "GET /static/bootstrap/js/popper.js HTTP/1.1" 304 0
2023-02-08 17:28:18,221 [django.server:187] [basehttp:log_message] [WARNING] "GET /static/login/img/login.jpg HTTP/1.1" 404 1926
2023-02-08 17:28:18,311 [django.server:187] [basehttp:log_message] [ERROR] "GET /favicon.ico HTTP/1.1" 500 104276
2023-02-08 17:29:39,888 [django.utils.autoreload:266] [autoreload:trigger_reload] [INFO] D:\项目\MockServer\authorization\views.py changed, reloading.
2023-02-08 17:29:41,121 [django.utils.autoreload:677] [autoreload:run_with_reloader] [INFO] Watching for file changes with StatReloader
2023-02-08 17:31:50,021 [django.utils.autoreload:266] [autoreload:trigger_reload] [INFO] D:\项目\MockServer\authorization\views.py changed, reloading.
2023-02-08 17:31:50,867 [django.utils.autoreload:677] [autoreload:run_with_reloader] [INFO] Watching for file changes with StatReloader
2023-02-08 17:32:18,311 [django.utils.autoreload:266] [autoreload:trigger_reload] [INFO] D:\项目\MockServer\authorization\views.py changed, reloading.
2023-02-08 17:32:19,009 [django.utils.autoreload:677] [autoreload:run_with_reloader] [INFO] Watching for file changes with StatReloader
2023-02-08 17:37:19,021 [django.utils.autoreload:266] [autoreload:trigger_reload] [INFO] D:\项目\MockServer\authorization\views.py changed, reloading.
2023-02-08 17:37:19,802 [django.utils.autoreload:677] [autoreload:run_with_reloader] [INFO] Watching for file changes with StatReloader
2023-02-08 17:39:00,978 [django.utils.autoreload:677] [autoreload:run_with_reloader] [INFO] Watching for file changes with StatReloader
2023-02-08 17:39:56,176 [django.utils.autoreload:266] [autoreload:trigger_reload] [INFO] D:\项目\MockServer\authorization\views.py changed, reloading.
2023-02-08 17:39:56,808 [django.utils.autoreload:677] [autoreload:run_with_reloader] [INFO] Watching for file changes with StatReloader
2023-02-08 17:40:50,644 [django.utils.autoreload:266] [autoreload:trigger_reload] [INFO] D:\项目\MockServer\authorization\views.py changed, reloading.
2023-02-08 17:40:51,484 [django.utils.autoreload:677] [autoreload:run_with_reloader] [INFO] Watching for file changes with StatReloader
2023-02-08 17:41:06,398 [django.utils.autoreload:266] [autoreload:trigger_reload] [INFO] D:\项目\MockServer\authorization\views.py changed, reloading.
2023-02-08 17:41:07,272 [django.utils.autoreload:677] [autoreload:run_with_reloader] [INFO] Watching for file changes with StatReloader
2023-02-08 17:41:12,432 [django.server:187] [basehttp:log_message] [INFO] "GET /login/ HTTP/1.1" 200 1206
2023-02-08 17:41:12,554 [django.server:187] [basehttp:log_message] [WARNING] "GET /static/login/img/login.jpg HTTP/1.1" 404 1926
2023-02-08 17:41:12,609 [django.server:187] [basehttp:log_message] [ERROR] "GET /favicon.ico HTTP/1.1" 500 104276
2023-02-08 17:41:24,425 [django.server:187] [basehttp:log_message] [INFO] "GET /login/ HTTP/1.1" 200 1206
2023-02-08 17:41:24,490 [django.server:187] [basehttp:log_message] [ERROR] "GET /favicon.ico HTTP/1.1" 500 104276
2023-02-08 17:41:26,254 [django.server:187] [basehttp:log_message] [INFO] "GET /login/ HTTP/1.1" 200 1345
2023-02-08 17:41:26,308 [django.server:187] [basehttp:log_message] [ERROR] "GET /favicon.ico HTTP/1.1" 500 104276
2023-02-08 17:45:40,534 [django.utils.autoreload:266] [autoreload:trigger_reload] [INFO] D:\项目\MockServer\authorization\views.py changed, reloading.
2023-02-08 17:45:41,182 [django.utils.autoreload:677] [autoreload:run_with_reloader] [INFO] Watching for file changes with StatReloader
2023-02-08 17:48:48,884 [django.utils.autoreload:266] [autoreload:trigger_reload] [INFO] D:\项目\MockServer\authorization\views.py changed, reloading.
2023-02-08 17:48:49,678 [django.utils.autoreload:677] [autoreload:run_with_reloader] [INFO] Watching for file changes with StatReloader
2023-02-08 17:49:13,410 [django.server:187] [basehttp:log_message] [INFO] "GET /login/ HTTP/1.1" 200 1345
2023-02-08 17:49:13,441 [django.server:187] [basehttp:log_message] [WARNING] "GET /static/login/img/login.jpg HTTP/1.1" 404 1926
2023-02-08 17:49:13,508 [django.server:187] [basehttp:log_message] [ERROR] "GET /favicon.ico HTTP/1.1" 500 104276
2023-02-08 17:49:15,478 [django.server:187] [basehttp:log_message] [INFO] "GET /login/ HTTP/1.1" 200 1345
2023-02-08 17:49:15,539 [django.server:187] [basehttp:log_message] [ERROR] "GET /favicon.ico HTTP/1.1" 500 104276
2023-02-08 17:49:20,316 [django.server:187] [basehttp:log_message] [ERROR] "POST /login/login/ HTTP/1.1" 500 105801
2023-02-08 17:49:20,440 [django.server:187] [basehttp:log_message] [ERROR] "GET /favicon.ico HTTP/1.1" 500 104282
2023-02-08 17:51:57,001 [django.server:187] [basehttp:log_message] [ERROR] "POST /login/login/ HTTP/1.1" 500 105801
2023-02-08 17:51:57,166 [django.server:187] [basehttp:log_message] [ERROR] "GET /favicon.ico HTTP/1.1" 500 104282
2023-02-08 17:52:05,122 [django.server:187] [basehttp:log_message] [ERROR] "GET /favicon.ico HTTP/1.1" 500 104276
2023-02-08 17:52:06,381 [django.server:187] [basehttp:log_message] [ERROR] "POST /login/login/ HTTP/1.1" 500 105801
2023-02-08 17:52:06,563 [django.server:187] [basehttp:log_message] [ERROR] "GET /favicon.ico HTTP/1.1" 500 104282
2023-02-08 17:52:17,001 [django.utils.autoreload:677] [autoreload:run_with_reloader] [INFO] Watching for file changes with StatReloader
2023-02-08 17:52:23,449 [django.server:187] [basehttp:log_message] [ERROR] "GET /favicon.ico HTTP/1.1" 500 104276
2023-02-08 17:52:24,604 [django.server:187] [basehttp:log_message] [ERROR] "POST /login/login/ HTTP/1.1" 500 105801
2023-02-08 17:52:24,749 [django.server:187] [basehttp:log_message] [ERROR] "GET /favicon.ico HTTP/1.1" 500 104282
2023-02-08 17:53:00,458 [django.server:187] [basehttp:log_message] [ERROR] "GET /favicon.ico HTTP/1.1" 500 104276
2023-02-08 17:53:07,440 [django.utils.autoreload:677] [autoreload:run_with_reloader] [INFO] Watching for file changes with StatReloader
2023-02-08 17:53:10,892 [django.server:187] [basehttp:log_message] [ERROR] "POST /login/login/ HTTP/1.1" 500 105801
2023-02-08 17:53:11,049 [django.server:187] [basehttp:log_message] [ERROR] "GET /favicon.ico HTTP/1.1" 500 104282
2023-02-08 17:59:02,589 [django.server:187] [basehttp:log_message] [ERROR] "GET /favicon.ico HTTP/1.1" 500 104276
2023-02-08 17:59:05,889 [django.server:187] [basehttp:log_message] [ERROR] "POST /login/login/ HTTP/1.1" 500 105800
2023-02-08 17:59:05,980 [django.server:187] [basehttp:log_message] [ERROR] "GET /favicon.ico HTTP/1.1" 500 104282
2023-02-08 17:59:09,787 [django.server:187] [basehttp:log_message] [ERROR] "GET /favicon.ico HTTP/1.1" 500 104276
2023-02-08 17:59:10,921 [django.server:187] [basehttp:log_message] [ERROR] "POST /login/login/ HTTP/1.1" 500 105800
2023-02-08 17:59:11,108 [django.server:187] [basehttp:log_message] [ERROR] "GET /favicon.ico HTTP/1.1" 500 104282
2023-02-08 18:00:20,252 [django.server:187] [basehttp:log_message] [ERROR] "GET /favicon.ico HTTP/1.1" 500 104276
2023-02-08 18:00:20,606 [django.utils.autoreload:266] [autoreload:trigger_reload] [INFO] D:\项目\MockServer\MockServer\urls.py changed, reloading.
2023-02-08 18:00:21,569 [django.utils.autoreload:677] [autoreload:run_with_reloader] [INFO] Watching for file changes with StatReloader
2023-02-08 18:00:22,215 [django.server:187] [basehttp:log_message] [WARNING] "POST /login/login/ HTTP/1.1" 404 2438
2023-02-08 18:00:22,319 [django.server:187] [basehttp:log_message] [WARNING] "GET /favicon.ico HTTP/1.1" 404 2434
2023-02-08 18:01:16,744 [django.server:187] [basehttp:log_message] [WARNING] "POST /login/login/ HTTP/1.1" 404 2438
2023-02-09 10:55:28,016 [django.server:187] [basehttp:log_message] [INFO] "GET /login/ HTTP/1.1" 200 1336
2023-02-09 10:55:28,137 [django.server:187] [basehttp:log_message] [INFO] "GET /static/login/css/login.css HTTP/1.1" 200 313
2023-02-09 10:55:28,141 [django.server:187] [basehttp:log_message] [INFO] "GET /static/bootstrap/css/bootstrap.min.css HTTP/1.1" 200 162264
2023-02-09 10:55:28,159 [django.server:187] [basehttp:log_message] [INFO] "GET /static/bootstrap/js/popper.js HTTP/1.1" 200 104916
2023-02-09 10:55:28,166 [django.server:187] [basehttp:log_message] [WARNING] "GET /static/login/img/login.jpg HTTP/1.1" 404 1816
2023-02-09 10:55:28,167 [django.server:187] [basehttp:log_message] [INFO] "GET /static/bootstrap/js/bootstrap.min.js HTTP/1.1" 200 62563
2023-02-09 10:55:28,184 [django.server:187] [basehttp:log_message] [INFO] "GET /static/base/js/jquery-3.6.3.js HTTP/1.1" 200 293671
2023-02-09 10:55:28,207 [django.server:187] [basehttp:log_message] [WARNING] "GET /favicon.ico HTTP/1.1" 404 2434
2023-02-09 10:55:30,954 [django.server:187] [basehttp:log_message] [INFO] "POST /login/ HTTP/1.1" 200 1336
