2023-02-10 10:34:00,748 [django.utils.autoreload:677] [autoreload:run_with_reloader] [INFO] Watching for file changes with StatReloader
2023-02-10 10:34:10,937 [django.utils.autoreload:266] [autoreload:trigger_reload] [INFO] D:\项目\MockServer\MockServer\settings.py changed, reloading.
2023-02-10 10:34:11,737 [django.utils.autoreload:677] [autoreload:run_with_reloader] [INFO] Watching for file changes with StatReloader
2023-02-10 10:34:35,551 [django.utils.autoreload:266] [autoreload:trigger_reload] [INFO] D:\项目\MockServer\MockServer\urls.py changed, reloading.
2023-02-10 10:34:36,389 [django.utils.autoreload:677] [autoreload:run_with_reloader] [INFO] Watching for file changes with StatReloader
2023-02-10 10:35:00,575 [django.utils.autoreload:266] [autoreload:trigger_reload] [INFO] D:\项目\MockServer\MockServer\urls.py changed, reloading.
2023-02-10 10:35:01,348 [django.utils.autoreload:677] [autoreload:run_with_reloader] [INFO] Watching for file changes with StatReloader
2023-02-10 10:39:07,412 [django.utils.autoreload:266] [autoreload:trigger_reload] [INFO] C:\Users\admin\MockServer\Lib\site-packages\django_sb_admin\urls.py changed, reloading.
2023-02-10 10:39:08,208 [django.utils.autoreload:677] [autoreload:run_with_reloader] [INFO] Watching for file changes with StatReloader
2023-02-10 10:41:22,746 [django.utils.autoreload:266] [autoreload:trigger_reload] [INFO] C:\Users\admin\MockServer\Lib\site-packages\django_sb_admin\urls.py changed, reloading.
2023-02-10 10:41:23,539 [django.utils.autoreload:677] [autoreload:run_with_reloader] [INFO] Watching for file changes with StatReloader
2023-02-10 10:41:36,914 [django.utils.autoreload:266] [autoreload:trigger_reload] [INFO] D:\项目\MockServer\MockServer\urls.py changed, reloading.
2023-02-10 10:41:37,716 [django.utils.autoreload:677] [autoreload:run_with_reloader] [INFO] Watching for file changes with StatReloader
2023-02-10 10:42:17,091 [django.utils.autoreload:266] [autoreload:trigger_reload] [INFO] D:\项目\MockServer\MockServer\urls.py changed, reloading.
2023-02-10 10:42:17,909 [django.utils.autoreload:677] [autoreload:run_with_reloader] [INFO] Watching for file changes with StatReloader
2023-02-10 10:43:04,596 [django.utils.autoreload:266] [autoreload:trigger_reload] [INFO] D:\项目\MockServer\MockServer\urls.py changed, reloading.
2023-02-10 10:43:07,549 [django.utils.autoreload:677] [autoreload:run_with_reloader] [INFO] Watching for file changes with StatReloader
2023-02-10 10:43:08,971 [django.server:187] [basehttp:log_message] [INFO] "GET /django-sb-admin/ HTTP/1.1" 200 8045
2023-02-10 10:43:09,168 [django.server:187] [basehttp:log_message] [INFO] "GET /static/vendor/fontawesome-free/css/all.min.css HTTP/1.1" 200 55967
2023-02-10 10:43:09,173 [django.server:187] [basehttp:log_message] [INFO] "GET /static/vendor/bootstrap/js/bootstrap.bundle.min.js HTTP/1.1" 200 78635
2023-02-10 10:43:09,173 [django.server:187] [basehttp:log_message] [INFO] "GET /static/vendor/datatables/dataTables.bootstrap4.css HTTP/1.1" 200 5799
2023-02-10 10:43:09,179 [django.server:187] [basehttp:log_message] [INFO] "GET /static/js/jquery.js HTTP/1.1" 200 95785
2023-02-10 10:43:09,180 [django.server:187] [basehttp:log_message] [INFO] "GET /static/vendor/jquery-easing/jquery.easing.min.js HTTP/1.1" 200 2532
2023-02-10 10:43:09,180 [django.server:187] [basehttp:log_message] [INFO] "GET /static/js/bootstrap.min.js HTTP/1.1" 200 35951
2023-02-10 10:43:09,181 [django.server:187] [basehttp:log_message] [INFO] "GET /static/vendor/jquery/jquery.min.js HTTP/1.1" 200 88145
2023-02-10 10:43:09,182 [django.server:187] [basehttp:log_message] [INFO] "GET /static/vendor/chart.js/Chart.min.js HTTP/1.1" 200 156721
2023-02-10 10:43:09,182 [django.server:187] [basehttp:log_message] [INFO] "GET /static/css/sb-admin.css HTTP/1.1" 200 219809
2023-02-10 10:43:09,197 [django.server:187] [basehttp:log_message] [INFO] "GET /static/js/sb-admin.min.js HTTP/1.1" 200 930
2023-02-10 10:43:09,197 [django.server:187] [basehttp:log_message] [INFO] "GET /static/js/demo/datatables-demo.js HTTP/1.1" 200 103
2023-02-10 10:43:09,197 [django.server:187] [basehttp:log_message] [INFO] "GET /static/vendor/datatables/dataTables.bootstrap4.js HTTP/1.1" 200 4693
2023-02-10 10:43:09,199 [django.server:187] [basehttp:log_message] [INFO] "GET /static/js/demo/chart-area-demo.js HTTP/1.1" 200 1530
2023-02-10 10:43:09,202 [django.server:187] [basehttp:log_message] [INFO] "GET /static/vendor/datatables/jquery.dataTables.js HTTP/1.1" 200 447569
2023-02-10 10:43:09,649 [django.server:187] [basehttp:log_message] [INFO] "GET /static/vendor/fontawesome-free/webfonts/fa-solid-900.woff2 HTTP/1.1" 200 75440
2023-02-10 10:43:15,102 [django.server:187] [basehttp:log_message] [INFO] "GET /django-sb-admin/login/ HTTP/1.1" 200 2290
2023-02-10 10:43:19,021 [django.server:187] [basehttp:log_message] [INFO] "GET /django-sb-admin/register/ HTTP/1.1" 200 3228
2023-02-10 10:43:25,454 [django.server:187] [basehttp:log_message] [INFO] "GET /django-sb-admin/charts/ HTTP/1.1" 200 9156
2023-02-10 10:43:25,528 [django.server:187] [basehttp:log_message] [INFO] "GET /static/js/demo/chart-pie-demo.js HTTP/1.1" 200 597
2023-02-10 10:43:25,528 [django.server:187] [basehttp:log_message] [INFO] "GET /static/js/demo/chart-bar-demo.js HTTP/1.1" 200 1112
2023-02-10 10:43:26,838 [django.server:187] [basehttp:log_message] [INFO] "GET /django-sb-admin/tables/ HTTP/1.1" 200 24939
2023-02-10 11:09:53,556 [django.server:187] [basehttp:log_message] [INFO] "GET /django-sb-admin/charts/ HTTP/1.1" 200 9157
2023-02-10 11:09:53,591 [django.server:187] [basehttp:log_message] [INFO] "GET /static/vendor/fontawesome-free/css/all.min.css HTTP/1.1" 304 0
2023-02-10 11:09:53,594 [django.server:187] [basehttp:log_message] [INFO] "GET /static/vendor/datatables/dataTables.bootstrap4.css HTTP/1.1" 304 0
2023-02-10 11:09:53,600 [django.server:187] [basehttp:log_message] [INFO] "GET /static/vendor/chart.js/Chart.min.js HTTP/1.1" 304 0
2023-02-10 11:09:53,600 [django.server:187] [basehttp:log_message] [INFO] "GET /static/css/sb-admin.css HTTP/1.1" 304 0
2023-02-10 11:09:53,601 [django.server:187] [basehttp:log_message] [INFO] "GET /static/js/jquery.js HTTP/1.1" 304 0
2023-02-10 11:09:53,601 [django.server:187] [basehttp:log_message] [INFO] "GET /static/js/bootstrap.min.js HTTP/1.1" 304 0
2023-02-10 11:09:53,602 [django.server:187] [basehttp:log_message] [INFO] "GET /static/js/demo/chart-area-demo.js HTTP/1.1" 304 0
2023-02-10 11:09:53,602 [django.server:187] [basehttp:log_message] [INFO] "GET /static/js/demo/chart-bar-demo.js HTTP/1.1" 304 0
2023-02-10 11:09:53,603 [django.server:187] [basehttp:log_message] [INFO] "GET /static/js/demo/chart-pie-demo.js HTTP/1.1" 304 0
2023-02-10 11:09:53,606 [django.server:187] [basehttp:log_message] [INFO] "GET /static/vendor/jquery-easing/jquery.easing.min.js HTTP/1.1" 304 0
2023-02-10 11:09:53,606 [django.server:187] [basehttp:log_message] [INFO] "GET /static/vendor/jquery/jquery.min.js HTTP/1.1" 304 0
2023-02-10 11:09:53,608 [django.server:187] [basehttp:log_message] [INFO] "GET /static/vendor/bootstrap/js/bootstrap.bundle.min.js HTTP/1.1" 304 0
2023-02-10 11:09:53,610 [django.server:187] [basehttp:log_message] [INFO] "GET /static/vendor/datatables/dataTables.bootstrap4.js HTTP/1.1" 304 0
2023-02-10 11:09:53,612 [django.server:187] [basehttp:log_message] [INFO] "GET /static/js/sb-admin.min.js HTTP/1.1" 304 0
2023-02-10 11:09:53,612 [django.server:187] [basehttp:log_message] [INFO] "GET /static/vendor/datatables/jquery.dataTables.js HTTP/1.1" 304 0
2023-02-10 11:09:53,613 [django.server:187] [basehttp:log_message] [INFO] "GET /static/js/demo/datatables-demo.js HTTP/1.1" 304 0
2023-02-10 11:09:53,631 [django.server:187] [basehttp:log_message] [INFO] "GET /static/vendor/fontawesome-free/webfonts/fa-solid-900.woff2 HTTP/1.1" 304 0
2023-02-10 11:09:57,545 [django.server:187] [basehttp:log_message] [INFO] "GET /django-sb-admin/404/ HTTP/1.1" 200 7919
2023-02-10 11:10:00,284 [django.server:187] [basehttp:log_message] [INFO] "GET /django-sb-admin/blank/ HTTP/1.1" 200 7441
2023-02-10 11:10:02,723 [django.server:187] [basehttp:log_message] [INFO] "GET /django-sb-admin/login/ HTTP/1.1" 200 2290
2023-02-10 11:10:09,419 [django.server:187] [basehttp:log_message] [INFO] "GET /django-sb-admin/ HTTP/1.1" 200 8046
2023-02-10 11:10:14,105 [django.server:187] [basehttp:log_message] [INFO] "GET /django-sb-admin/404/ HTTP/1.1" 200 7919
2023-02-10 11:10:16,221 [django.server:187] [basehttp:log_message] [INFO] "GET /django-sb-admin/ HTTP/1.1" 200 8046
2023-02-10 11:10:29,350 [django.server:187] [basehttp:log_message] [INFO] "GET /django-sb-admin/tables/ HTTP/1.1" 200 24940
2023-02-10 11:10:38,787 [django.server:187] [basehttp:log_message] [INFO] "GET /django-sb-admin/dashboard/ HTTP/1.1" 200 28757
2023-02-10 11:10:38,823 [django.server:187] [basehttp:log_message] [INFO] "GET /static/js/plugins/flot/jquery.flot.resize.js HTTP/1.1" 200 2503
2023-02-10 11:10:38,823 [django.server:187] [basehttp:log_message] [INFO] "GET /static/js/plugins/morris/morris-data.js HTTP/1.1" 200 5337
2023-02-10 11:10:38,823 [django.server:187] [basehttp:log_message] [INFO] "GET /static/js/plugins/flot/jquery.flot.tooltip.min.js HTTP/1.1" 200 3930
2023-02-10 11:10:38,824 [django.server:187] [basehttp:log_message] [INFO] "GET /static/js/plugins/morris/morris.min.js HTTP/1.1" 200 35652
2023-02-10 11:10:38,824 [django.server:187] [basehttp:log_message] [INFO] "GET /static/js/plugins/morris/raphael.min.js HTTP/1.1" 200 92872
2023-02-10 11:10:38,825 [django.server:187] [basehttp:log_message] [INFO] "GET /static/js/plugins/flot/jquery.flot.js HTTP/1.1" 200 106797
2023-02-10 11:10:38,827 [django.server:187] [basehttp:log_message] [INFO] "GET /static/js/plugins/flot/jquery.flot.pie.js HTTP/1.1" 200 21839
2023-02-10 11:10:38,828 [django.server:187] [basehttp:log_message] [INFO] "GET /static/js/plugins/flot/flot-data.js HTTP/1.1" 200 38480
2023-02-10 11:30:47,307 [django.server:187] [basehttp:log_message] [INFO] "GET /index/ HTTP/1.1" 200 8046
2023-02-10 11:30:47,357 [django.server:187] [basehttp:log_message] [INFO] "GET /static/vendor/fontawesome-free/css/all.min.css HTTP/1.1" 304 0
2023-02-10 11:30:47,358 [django.server:187] [basehttp:log_message] [INFO] "GET /static/vendor/datatables/dataTables.bootstrap4.css HTTP/1.1" 304 0
2023-02-10 11:30:47,362 [django.server:187] [basehttp:log_message] [INFO] "GET /static/js/jquery.js HTTP/1.1" 304 0
2023-02-10 11:30:47,362 [django.server:187] [basehttp:log_message] [INFO] "GET /static/vendor/jquery/jquery.min.js HTTP/1.1" 304 0
2023-02-10 11:30:47,362 [django.server:187] [basehttp:log_message] [INFO] "GET /static/js/bootstrap.min.js HTTP/1.1" 304 0
2023-02-10 11:30:47,363 [django.server:187] [basehttp:log_message] [INFO] "GET /static/css/sb-admin.css HTTP/1.1" 304 0
2023-02-10 11:30:47,363 [django.server:187] [basehttp:log_message] [INFO] "GET /static/vendor/jquery-easing/jquery.easing.min.js HTTP/1.1" 304 0
2023-02-10 11:30:47,363 [django.server:187] [basehttp:log_message] [INFO] "GET /static/vendor/bootstrap/js/bootstrap.bundle.min.js HTTP/1.1" 304 0
2023-02-10 11:30:47,365 [django.server:187] [basehttp:log_message] [INFO] "GET /static/vendor/datatables/jquery.dataTables.js HTTP/1.1" 304 0
2023-02-10 11:30:47,367 [django.server:187] [basehttp:log_message] [INFO] "GET /static/vendor/datatables/dataTables.bootstrap4.js HTTP/1.1" 304 0
2023-02-10 11:30:47,368 [django.server:187] [basehttp:log_message] [INFO] "GET /static/js/sb-admin.min.js HTTP/1.1" 304 0
2023-02-10 11:30:47,369 [django.server:187] [basehttp:log_message] [INFO] "GET /static/vendor/chart.js/Chart.min.js HTTP/1.1" 304 0
2023-02-10 11:30:47,369 [django.server:187] [basehttp:log_message] [INFO] "GET /static/js/demo/datatables-demo.js HTTP/1.1" 304 0
2023-02-10 11:30:47,371 [django.server:187] [basehttp:log_message] [INFO] "GET /static/js/demo/chart-area-demo.js HTTP/1.1" 304 0
2023-02-10 11:30:47,432 [django.server:187] [basehttp:log_message] [INFO] "GET /static/vendor/fontawesome-free/webfonts/fa-solid-900.woff2 HTTP/1.1" 304 0
2023-02-10 11:30:52,296 [django.server:187] [basehttp:log_message] [INFO] "GET /django-sb-admin/login/ HTTP/1.1" 200 2290
2023-02-10 11:30:57,265 [django.server:187] [basehttp:log_message] [INFO] "GET /django-sb-admin/charts/ HTTP/1.1" 200 9157
2023-02-10 11:30:57,290 [django.server:187] [basehttp:log_message] [INFO] "GET /static/js/demo/chart-pie-demo.js HTTP/1.1" 304 0
2023-02-10 11:30:57,290 [django.server:187] [basehttp:log_message] [INFO] "GET /static/js/demo/chart-bar-demo.js HTTP/1.1" 304 0
2023-02-10 11:30:59,672 [django.server:187] [basehttp:log_message] [INFO] "GET /django-sb-admin/dashboard/ HTTP/1.1" 200 28757
2023-02-10 11:30:59,732 [django.server:187] [basehttp:log_message] [INFO] "GET /static/js/plugins/morris/raphael.min.js HTTP/1.1" 304 0
2023-02-10 11:30:59,737 [django.server:187] [basehttp:log_message] [INFO] "GET /static/js/plugins/morris/morris.min.js HTTP/1.1" 304 0
2023-02-10 11:30:59,737 [django.server:187] [basehttp:log_message] [INFO] "GET /static/js/plugins/morris/morris-data.js HTTP/1.1" 304 0
2023-02-10 11:30:59,738 [django.server:187] [basehttp:log_message] [INFO] "GET /static/js/plugins/flot/jquery.flot.resize.js HTTP/1.1" 304 0
2023-02-10 11:30:59,738 [django.server:187] [basehttp:log_message] [INFO] "GET /static/js/plugins/flot/jquery.flot.tooltip.min.js HTTP/1.1" 304 0
2023-02-10 11:30:59,738 [django.server:187] [basehttp:log_message] [INFO] "GET /static/js/plugins/flot/jquery.flot.pie.js HTTP/1.1" 304 0
2023-02-10 11:30:59,738 [django.server:187] [basehttp:log_message] [INFO] "GET /static/js/plugins/flot/jquery.flot.js HTTP/1.1" 304 0
2023-02-10 11:30:59,740 [django.server:187] [basehttp:log_message] [INFO] "GET /static/js/plugins/flot/flot-data.js HTTP/1.1" 304 0
2023-02-10 11:31:00,918 [django.server:187] [basehttp:log_message] [INFO] "GET /django-sb-admin/tables/ HTTP/1.1" 200 24940
2023-02-10 11:31:46,098 [django.server:187] [basehttp:log_message] [INFO] "GET /django-sb-admin/dashboard/ HTTP/1.1" 200 28757
2023-02-10 11:31:46,119 [django.server:187] [basehttp:log_message] [INFO] "GET /static/vendor/fontawesome-free/css/all.min.css HTTP/1.1" 304 0
2023-02-10 11:31:46,119 [django.server:187] [basehttp:log_message] [INFO] "GET /static/vendor/datatables/dataTables.bootstrap4.css HTTP/1.1" 304 0
2023-02-10 11:31:46,122 [django.server:187] [basehttp:log_message] [INFO] "GET /static/css/sb-admin.css HTTP/1.1" 304 0
2023-02-10 11:31:46,127 [django.server:187] [basehttp:log_message] [INFO] "GET /static/js/plugins/morris/raphael.min.js HTTP/1.1" 304 0
2023-02-10 11:31:46,128 [django.server:187] [basehttp:log_message] [INFO] "GET /static/js/bootstrap.min.js HTTP/1.1" 304 0
2023-02-10 11:31:46,128 [django.server:187] [basehttp:log_message] [INFO] "GET /static/js/jquery.js HTTP/1.1" 304 0
2023-02-10 11:31:46,128 [django.server:187] [basehttp:log_message] [INFO] "GET /static/js/plugins/morris/morris-data.js HTTP/1.1" 304 0
2023-02-10 11:31:46,128 [django.server:187] [basehttp:log_message] [INFO] "GET /static/js/plugins/flot/jquery.flot.js HTTP/1.1" 304 0
2023-02-10 11:31:46,128 [django.server:187] [basehttp:log_message] [INFO] "GET /static/js/plugins/morris/morris.min.js HTTP/1.1" 304 0
2023-02-10 11:31:46,133 [django.server:187] [basehttp:log_message] [INFO] "GET /static/js/plugins/flot/jquery.flot.tooltip.min.js HTTP/1.1" 304 0
2023-02-10 11:31:46,134 [django.server:187] [basehttp:log_message] [INFO] "GET /static/js/plugins/flot/jquery.flot.pie.js HTTP/1.1" 304 0
2023-02-10 11:31:46,135 [django.server:187] [basehttp:log_message] [INFO] "GET /static/js/plugins/flot/jquery.flot.resize.js HTTP/1.1" 304 0
2023-02-10 11:31:46,135 [django.server:187] [basehttp:log_message] [INFO] "GET /static/js/plugins/flot/flot-data.js HTTP/1.1" 304 0
2023-02-10 11:31:46,136 [django.server:187] [basehttp:log_message] [INFO] "GET /static/vendor/bootstrap/js/bootstrap.bundle.min.js HTTP/1.1" 304 0
2023-02-10 11:31:46,137 [django.server:187] [basehttp:log_message] [INFO] "GET /static/vendor/jquery/jquery.min.js HTTP/1.1" 304 0
2023-02-10 11:31:46,138 [django.server:187] [basehttp:log_message] [INFO] "GET /static/vendor/chart.js/Chart.min.js HTTP/1.1" 304 0
2023-02-10 11:31:46,139 [django.server:187] [basehttp:log_message] [INFO] "GET /static/vendor/jquery-easing/jquery.easing.min.js HTTP/1.1" 304 0
2023-02-10 11:31:46,141 [django.server:187] [basehttp:log_message] [INFO] "GET /static/vendor/datatables/jquery.dataTables.js HTTP/1.1" 304 0
2023-02-10 11:31:46,142 [django.server:187] [basehttp:log_message] [INFO] "GET /static/vendor/datatables/dataTables.bootstrap4.js HTTP/1.1" 304 0
2023-02-10 11:31:46,142 [django.server:187] [basehttp:log_message] [INFO] "GET /static/js/sb-admin.min.js HTTP/1.1" 304 0
2023-02-10 11:31:46,144 [django.server:187] [basehttp:log_message] [INFO] "GET /static/js/demo/datatables-demo.js HTTP/1.1" 304 0
2023-02-10 11:31:46,144 [django.server:187] [basehttp:log_message] [INFO] "GET /static/js/demo/chart-area-demo.js HTTP/1.1" 304 0
2023-02-10 11:31:46,147 [django.server:187] [basehttp:log_message] [INFO] "GET /static/vendor/fontawesome-free/webfonts/fa-solid-900.woff2 HTTP/1.1" 304 0
2023-02-10 11:31:52,710 [django.server:187] [basehttp:log_message] [INFO] "GET /index/ HTTP/1.1" 200 8046
2023-02-10 11:31:58,217 [django.server:187] [basehttp:log_message] [INFO] "GET /django-sb-admin/login/ HTTP/1.1" 200 2290
2023-02-10 11:32:40,146 [django.utils.autoreload:266] [autoreload:trigger_reload] [INFO] D:\项目\MockServer\MockServer\urls.py changed, reloading.
2023-02-10 11:32:41,168 [django.utils.autoreload:677] [autoreload:run_with_reloader] [INFO] Watching for file changes with StatReloader
2023-02-10 11:32:41,892 [django.server:187] [basehttp:log_message] [INFO] "GET /index/ HTTP/1.1" 200 8076
2023-02-10 11:32:44,518 [django.server:187] [basehttp:log_message] [INFO] "GET /index/ HTTP/1.1" 200 8076
2023-02-10 11:32:47,008 [django.server:187] [basehttp:log_message] [INFO] "GET /%5Edjango-sb-admin/dashboard/ HTTP/1.1" 200 28787
2023-02-10 11:32:48,160 [django.server:187] [basehttp:log_message] [INFO] "GET /%5Edjango-sb-admin/register/ HTTP/1.1" 200 3234
2023-02-10 11:38:35,849 [django.server:187] [basehttp:log_message] [INFO] "GET /%5Edjango-sb-admin/tables/ HTTP/1.1" 200 24970
2023-02-10 11:38:35,882 [django.server:187] [basehttp:log_message] [INFO] "GET /static/vendor/fontawesome-free/css/all.min.css HTTP/1.1" 304 0
2023-02-10 11:38:35,882 [django.server:187] [basehttp:log_message] [INFO] "GET /static/vendor/datatables/dataTables.bootstrap4.css HTTP/1.1" 304 0
2023-02-10 11:38:35,888 [django.server:187] [basehttp:log_message] [INFO] "GET /static/vendor/jquery-easing/jquery.easing.min.js HTTP/1.1" 304 0
2023-02-10 11:38:35,888 [django.server:187] [basehttp:log_message] [INFO] "GET /static/vendor/bootstrap/js/bootstrap.bundle.min.js HTTP/1.1" 304 0
2023-02-10 11:38:35,889 [django.server:187] [basehttp:log_message] [INFO] "GET /static/css/sb-admin.css HTTP/1.1" 304 0
2023-02-10 11:38:35,891 [django.server:187] [basehttp:log_message] [INFO] "GET /static/js/jquery.js HTTP/1.1" 304 0
2023-02-10 11:38:35,893 [django.server:187] [basehttp:log_message] [INFO] "GET /static/js/bootstrap.min.js HTTP/1.1" 304 0
2023-02-10 11:38:35,894 [django.server:187] [basehttp:log_message] [INFO] "GET /static/vendor/chart.js/Chart.min.js HTTP/1.1" 304 0
2023-02-10 11:38:35,896 [django.server:187] [basehttp:log_message] [INFO] "GET /static/vendor/jquery/jquery.min.js HTTP/1.1" 304 0
2023-02-10 11:38:35,898 [django.server:187] [basehttp:log_message] [INFO] "GET /static/vendor/datatables/jquery.dataTables.js HTTP/1.1" 304 0
2023-02-10 11:38:35,900 [django.server:187] [basehttp:log_message] [INFO] "GET /static/js/sb-admin.min.js HTTP/1.1" 304 0
2023-02-10 11:38:35,900 [django.server:187] [basehttp:log_message] [INFO] "GET /static/vendor/datatables/dataTables.bootstrap4.js HTTP/1.1" 304 0
2023-02-10 11:38:35,901 [django.server:187] [basehttp:log_message] [INFO] "GET /static/js/demo/chart-area-demo.js HTTP/1.1" 304 0
2023-02-10 11:38:35,901 [django.server:187] [basehttp:log_message] [INFO] "GET /static/js/demo/datatables-demo.js HTTP/1.1" 304 0
2023-02-10 11:39:29,101 [django.server:187] [basehttp:log_message] [INFO] "GET /%5Edjango-sb-admin/ HTTP/1.1" 200 8076
2023-02-10 11:39:32,552 [django.server:187] [basehttp:log_message] [INFO] "GET /%5Edjango-sb-admin/ HTTP/1.1" 200 8076
2023-02-10 11:39:36,812 [django.server:187] [basehttp:log_message] [INFO] "GET /%5Edjango-sb-admin/blank/ HTTP/1.1" 200 7471
2023-02-10 11:39:38,665 [django.server:187] [basehttp:log_message] [INFO] "GET /%5Edjango-sb-admin/ HTTP/1.1" 200 8076
2023-02-10 11:40:05,711 [django.server:187] [basehttp:log_message] [INFO] "GET /%5Edjango-sb-admin/dashboard/ HTTP/1.1" 200 28787
2023-02-10 11:40:05,735 [django.server:187] [basehttp:log_message] [INFO] "GET /static/js/plugins/morris/raphael.min.js HTTP/1.1" 304 0
2023-02-10 11:40:05,739 [django.server:187] [basehttp:log_message] [INFO] "GET /static/js/plugins/morris/morris.min.js HTTP/1.1" 304 0
2023-02-10 11:40:05,739 [django.server:187] [basehttp:log_message] [INFO] "GET /static/js/plugins/flot/jquery.flot.js HTTP/1.1" 304 0
2023-02-10 11:40:05,739 [django.server:187] [basehttp:log_message] [INFO] "GET /static/js/plugins/flot/jquery.flot.pie.js HTTP/1.1" 304 0
2023-02-10 11:40:05,740 [django.server:187] [basehttp:log_message] [INFO] "GET /static/js/plugins/flot/jquery.flot.resize.js HTTP/1.1" 304 0
2023-02-10 11:40:05,740 [django.server:187] [basehttp:log_message] [INFO] "GET /static/js/plugins/morris/morris-data.js HTTP/1.1" 304 0
2023-02-10 11:40:05,740 [django.server:187] [basehttp:log_message] [INFO] "GET /static/js/plugins/flot/jquery.flot.tooltip.min.js HTTP/1.1" 304 0
2023-02-10 11:40:05,742 [django.server:187] [basehttp:log_message] [INFO] "GET /static/js/plugins/flot/flot-data.js HTTP/1.1" 304 0
2023-02-10 11:45:58,071 [django.server:187] [basehttp:log_message] [INFO] "GET /%5Edjango-sb-admin/dashboard/ HTTP/1.1" 200 28787
2023-02-10 11:45:58,089 [django.server:187] [basehttp:log_message] [INFO] "GET /static/vendor/fontawesome-free/css/all.min.css HTTP/1.1" 304 0
2023-02-10 11:45:58,090 [django.server:187] [basehttp:log_message] [INFO] "GET /static/vendor/datatables/dataTables.bootstrap4.css HTTP/1.1" 304 0
2023-02-10 11:45:58,097 [django.server:187] [basehttp:log_message] [INFO] "GET /static/vendor/jquery/jquery.min.js HTTP/1.1" 304 0
2023-02-10 11:45:58,097 [django.server:187] [basehttp:log_message] [INFO] "GET /static/vendor/jquery-easing/jquery.easing.min.js HTTP/1.1" 304 0
2023-02-10 11:45:58,097 [django.server:187] [basehttp:log_message] [INFO] "GET /static/js/bootstrap.min.js HTTP/1.1" 304 0
2023-02-10 11:45:58,097 [django.server:187] [basehttp:log_message] [INFO] "GET /static/css/sb-admin.css HTTP/1.1" 304 0
2023-02-10 11:45:58,097 [django.server:187] [basehttp:log_message] [INFO] "GET /static/vendor/bootstrap/js/bootstrap.bundle.min.js HTTP/1.1" 304 0
2023-02-10 11:45:58,097 [django.server:187] [basehttp:log_message] [INFO] "GET /static/js/jquery.js HTTP/1.1" 304 0
2023-02-10 11:45:58,103 [django.server:187] [basehttp:log_message] [INFO] "GET /static/vendor/datatables/jquery.dataTables.js HTTP/1.1" 304 0
2023-02-10 11:45:58,103 [django.server:187] [basehttp:log_message] [INFO] "GET /static/vendor/datatables/dataTables.bootstrap4.js HTTP/1.1" 304 0
2023-02-10 11:45:58,103 [django.server:187] [basehttp:log_message] [INFO] "GET /static/vendor/chart.js/Chart.min.js HTTP/1.1" 304 0
2023-02-10 11:45:58,104 [django.server:187] [basehttp:log_message] [INFO] "GET /static/js/demo/datatables-demo.js HTTP/1.1" 304 0
2023-02-10 11:45:58,104 [django.server:187] [basehttp:log_message] [INFO] "GET /static/js/demo/chart-area-demo.js HTTP/1.1" 304 0
2023-02-10 11:45:58,104 [django.server:187] [basehttp:log_message] [INFO] "GET /static/js/sb-admin.min.js HTTP/1.1" 304 0
2023-02-10 11:46:38,876 [django.server:187] [basehttp:log_message] [INFO] "GET /%5Edjango-sb-admin/dashboard/ HTTP/1.1" 200 28787
2023-02-10 11:46:39,374 [django.utils.autoreload:266] [autoreload:trigger_reload] [INFO] D:\项目\MockServer\MockServer\settings.py changed, reloading.
2023-02-10 11:46:40,333 [django.utils.autoreload:677] [autoreload:run_with_reloader] [INFO] Watching for file changes with StatReloader
2023-02-10 11:46:41,017 [django.server:187] [basehttp:log_message] [ERROR] "GET /%5Edjango-sb-admin/dashboard/ HTTP/1.1" 500 85497
2023-02-10 11:46:52,102 [django.server:187] [basehttp:log_message] [ERROR] "GET /%5Edjango-sb-admin/ HTTP/1.1" 500 84976
2023-02-10 11:47:03,428 [django.server:187] [basehttp:log_message] [ERROR] "GET /%5Edjango-sb-admin/ HTTP/1.1" 500 84982
2023-02-10 11:47:32,665 [django.server:187] [basehttp:log_message] [INFO] "GET /index/ HTTP/1.1" 200 8081
2023-02-10 11:47:32,712 [django.server:187] [basehttp:log_message] [INFO] "GET /static/base/css/sb-admin.css HTTP/1.1" 200 219809
2023-02-10 11:47:36,779 [django.server:187] [basehttp:log_message] [ERROR] "GET /%5Edjango-sb-admin/charts/ HTTP/1.1" 500 85603
2023-02-10 11:47:39,258 [django.server:187] [basehttp:log_message] [ERROR] "GET /%5Edjango-sb-admin/tables/ HTTP/1.1" 500 85722
2023-02-10 11:48:31,826 [django.server:187] [basehttp:log_message] [INFO] "GET /index/ HTTP/1.1" 200 8081
2023-02-10 11:48:31,864 [django.server:187] [basehttp:log_message] [INFO] "GET /static/vendor/fontawesome-free/webfonts/fa-solid-900.woff2 HTTP/1.1" 304 0
2023-02-10 11:48:32,700 [django.server:187] [basehttp:log_message] [INFO] "GET /index/ HTTP/1.1" 200 8084
2023-02-10 11:48:35,332 [django.server:187] [basehttp:log_message] [INFO] "GET /index/ HTTP/1.1" 200 8084
2023-02-10 11:48:53,555 [django.server:187] [basehttp:log_message] [ERROR] "GET /%5Edjango-sb-admin/ HTTP/1.1" 500 84963
2023-02-10 11:48:56,713 [django.server:187] [basehttp:log_message] [INFO] "GET /index/ HTTP/1.1" 200 8084
2023-02-10 11:48:59,363 [django.server:187] [basehttp:log_message] [INFO] "GET /index/ HTTP/1.1" 200 8084
2023-02-10 11:49:00,204 [django.server:187] [basehttp:log_message] [INFO] "GET /index/ HTTP/1.1" 200 8084
2023-02-10 11:49:30,369 [django.server:187] [basehttp:log_message] [INFO] "GET /index/ HTTP/1.1" 200 8084
2023-02-10 11:49:34,533 [django.server:187] [basehttp:log_message] [INFO] "GET /index/ HTTP/1.1" 200 8087
2023-02-10 11:50:06,855 [django.server:187] [basehttp:log_message] [INFO] "GET /static/vendor/bootstrap/js/bootstrap.bundle.min.js.map HTTP/1.1" 200 311949
2023-02-10 11:50:07,225 [django.server:187] [basehttp:log_message] [ERROR] "GET /%5Edjango-sb-admin/dashboard/ HTTP/1.1" 500 85474
2023-02-10 11:50:08,923 [django.server:187] [basehttp:log_message] [INFO] "GET /static/vendor/bootstrap/js/bootstrap.bundle.min.js.map HTTP/1.1" 200 311949
2023-02-10 11:50:53,675 [django.server:187] [basehttp:log_message] [INFO] "GET /index/ HTTP/1.1" 200 8087
2023-02-10 11:50:55,668 [django.server:187] [basehttp:log_message] [INFO] "GET /index/ HTTP/1.1" 200 8087
2023-02-10 11:51:54,365 [django.server:187] [basehttp:log_message] [ERROR] "GET /%5Edjango-sb-admin/dashboard/ HTTP/1.1" 500 85474
2023-02-10 11:52:45,628 [django.server:187] [basehttp:log_message] [INFO] "GET /index/ HTTP/1.1" 200 8118
2023-02-10 11:52:47,250 [django.server:187] [basehttp:log_message] [INFO] "GET /index/ HTTP/1.1" 200 8118
2023-02-10 11:52:49,939 [django.server:187] [basehttp:log_message] [INFO] "GET /index/ HTTP/1.1" 200 8118
2023-02-10 13:47:24,778 [django.server:187] [basehttp:log_message] [INFO] "GET /index/ HTTP/1.1" 200 8118
2023-02-10 13:47:24,810 [django.server:187] [basehttp:log_message] [INFO] "GET /static/vendor/fontawesome-free/css/all.min.css HTTP/1.1" 304 0
2023-02-10 13:47:24,812 [django.server:187] [basehttp:log_message] [INFO] "GET /static/vendor/datatables/dataTables.bootstrap4.css HTTP/1.1" 304 0
2023-02-10 13:47:24,816 [django.server:187] [basehttp:log_message] [INFO] "GET /static/vendor/bootstrap/js/bootstrap.bundle.min.js HTTP/1.1" 304 0
2023-02-10 13:47:24,816 [django.server:187] [basehttp:log_message] [INFO] "GET /static/base/css/sb-admin.css HTTP/1.1" 304 0
2023-02-10 13:47:24,816 [django.server:187] [basehttp:log_message] [INFO] "GET /static/vendor/jquery/jquery.min.js HTTP/1.1" 304 0
2023-02-10 13:47:24,817 [django.server:187] [basehttp:log_message] [INFO] "GET /static/vendor/jquery-easing/jquery.easing.min.js HTTP/1.1" 304 0
2023-02-10 13:47:24,820 [django.server:187] [basehttp:log_message] [INFO] "GET /static/vendor/datatables/jquery.dataTables.js HTTP/1.1" 304 0
2023-02-10 13:47:24,820 [django.server:187] [basehttp:log_message] [INFO] "GET /static/vendor/datatables/dataTables.bootstrap4.js HTTP/1.1" 304 0
2023-02-10 13:47:24,820 [django.server:187] [basehttp:log_message] [INFO] "GET /static/vendor/chart.js/Chart.min.js HTTP/1.1" 304 0
2023-02-10 13:47:24,841 [django.server:187] [basehttp:log_message] [INFO] "GET /static/vendor/fontawesome-free/webfonts/fa-solid-900.woff2 HTTP/1.1" 304 0
2023-02-10 13:47:24,844 [django.server:187] [basehttp:log_message] [WARNING] "GET /static/js/jquery.js HTTP/1.1" 404 1795
2023-02-10 13:47:24,847 [django.server:187] [basehttp:log_message] [WARNING] "GET /static/js/demo/datatables-demo.js HTTP/1.1" 404 1837
2023-02-10 13:47:24,848 [django.server:187] [basehttp:log_message] [WARNING] "GET /static/js/bootstrap.min.js HTTP/1.1" 404 1816
2023-02-10 13:47:24,848 [django.server:187] [basehttp:log_message] [WARNING] "GET /static/js/sb-admin.min.js HTTP/1.1" 404 1813
2023-02-10 13:47:24,848 [django.server:187] [basehttp:log_message] [WARNING] "GET /static/js/demo/chart-area-demo.js HTTP/1.1" 404 1837
2023-02-10 13:47:25,508 [django.server:187] [basehttp:log_message] [INFO] "GET /index/ HTTP/1.1" 200 8075
2023-02-10 13:47:25,529 [django.server:187] [basehttp:log_message] [WARNING] "GET /static/js/jquery.js HTTP/1.1" 404 1795
2023-02-10 13:47:25,538 [django.server:187] [basehttp:log_message] [WARNING] "GET /static/js/bootstrap.min.js HTTP/1.1" 404 1816
2023-02-10 13:47:25,554 [django.server:187] [basehttp:log_message] [WARNING] "GET /static/js/sb-admin.min.js HTTP/1.1" 404 1813
2023-02-10 13:47:25,561 [django.server:187] [basehttp:log_message] [WARNING] "GET /static/js/demo/chart-area-demo.js HTTP/1.1" 404 1837
2023-02-10 13:47:25,562 [django.server:187] [basehttp:log_message] [WARNING] "GET /static/js/demo/datatables-demo.js HTTP/1.1" 404 1837
2023-02-10 13:47:32,918 [django.server:187] [basehttp:log_message] [INFO] "GET /index/ HTTP/1.1" 200 8075
2023-02-10 13:47:32,960 [django.server:187] [basehttp:log_message] [WARNING] "GET /static/js/bootstrap.min.js HTTP/1.1" 404 1816
2023-02-10 13:47:32,968 [django.server:187] [basehttp:log_message] [WARNING] "GET /static/js/sb-admin.min.js HTTP/1.1" 404 1813
2023-02-10 13:47:32,969 [django.server:187] [basehttp:log_message] [WARNING] "GET /static/js/jquery.js HTTP/1.1" 404 1795
2023-02-10 13:47:32,971 [django.server:187] [basehttp:log_message] [WARNING] "GET /static/js/demo/datatables-demo.js HTTP/1.1" 404 1837
2023-02-10 13:47:32,972 [django.server:187] [basehttp:log_message] [WARNING] "GET /static/js/demo/chart-area-demo.js HTTP/1.1" 404 1837
2023-02-10 13:47:33,532 [django.server:187] [basehttp:log_message] [INFO] "GET /index/ HTTP/1.1" 200 8118
2023-02-10 13:47:33,574 [django.server:187] [basehttp:log_message] [WARNING] "GET /static/js/jquery.js HTTP/1.1" 404 1795
2023-02-10 13:47:33,576 [django.server:187] [basehttp:log_message] [WARNING] "GET /static/js/bootstrap.min.js HTTP/1.1" 404 1816
2023-02-10 13:47:33,577 [django.server:187] [basehttp:log_message] [WARNING] "GET /static/js/sb-admin.min.js HTTP/1.1" 404 1813
2023-02-10 13:47:33,588 [django.server:187] [basehttp:log_message] [WARNING] "GET /static/js/demo/datatables-demo.js HTTP/1.1" 404 1837
2023-02-10 13:47:33,590 [django.server:187] [basehttp:log_message] [WARNING] "GET /static/js/demo/chart-area-demo.js HTTP/1.1" 404 1837
2023-02-10 13:48:29,619 [django.server:187] [basehttp:log_message] [INFO] "GET /index/ HTTP/1.1" 200 8118
2023-02-10 13:48:29,660 [django.server:187] [basehttp:log_message] [WARNING] "GET /static/js/jquery.js HTTP/1.1" 404 1795
2023-02-10 13:48:29,660 [django.server:187] [basehttp:log_message] [WARNING] "GET /static/js/bootstrap.min.js HTTP/1.1" 404 1816
2023-02-10 13:48:29,661 [django.server:187] [basehttp:log_message] [WARNING] "GET /static/js/sb-admin.min.js HTTP/1.1" 404 1813
2023-02-10 13:48:29,662 [django.server:187] [basehttp:log_message] [WARNING] "GET /static/js/demo/chart-area-demo.js HTTP/1.1" 404 1837
2023-02-10 13:48:29,663 [django.server:187] [basehttp:log_message] [WARNING] "GET /static/js/demo/datatables-demo.js HTTP/1.1" 404 1837
2023-02-10 13:48:30,656 [django.server:187] [basehttp:log_message] [INFO] "GET /index/ HTTP/1.1" 200 9046
2023-02-10 13:48:30,697 [django.server:187] [basehttp:log_message] [WARNING] "GET /static/js/demo/datatables-demo.js HTTP/1.1" 404 1837
2023-02-10 13:48:30,697 [django.server:187] [basehttp:log_message] [WARNING] "GET /static/js/bootstrap.min.js HTTP/1.1" 404 1816
2023-02-10 13:48:30,699 [django.server:187] [basehttp:log_message] [WARNING] "GET /static/js/sb-admin.min.js HTTP/1.1" 404 1813
2023-02-10 13:48:30,702 [django.server:187] [basehttp:log_message] [WARNING] "GET /static/js/jquery.js HTTP/1.1" 404 1795
2023-02-10 13:48:30,704 [django.server:187] [basehttp:log_message] [WARNING] "GET /static/js/demo/chart-area-demo.js HTTP/1.1" 404 1837
2023-02-10 13:51:28,892 [django.server:187] [basehttp:log_message] [WARNING] "GET /static/js/jquery.js HTTP/1.1" 404 1795
2023-02-10 13:51:28,894 [django.server:187] [basehttp:log_message] [WARNING] "GET /static/js/demo/datatables-demo.js HTTP/1.1" 404 1837
2023-02-10 13:51:28,894 [django.server:187] [basehttp:log_message] [WARNING] "GET /static/js/sb-admin.min.js HTTP/1.1" 404 1813
2023-02-10 13:51:28,894 [django.server:187] [basehttp:log_message] [WARNING] "GET /static/js/bootstrap.min.js HTTP/1.1" 404 1816
2023-02-10 13:51:28,898 [django.server:187] [basehttp:log_message] [WARNING] "GET /static/js/demo/chart-area-demo.js HTTP/1.1" 404 1837
2023-02-10 13:51:32,800 [django.server:187] [basehttp:log_message] [INFO] "GET /index/ HTTP/1.1" 200 9045
2023-02-10 13:51:32,829 [django.server:187] [basehttp:log_message] [WARNING] "GET /static/js/bootstrap.min.js HTTP/1.1" 404 1816
2023-02-10 13:51:32,836 [django.server:187] [basehttp:log_message] [WARNING] "GET /static/js/jquery.js HTTP/1.1" 404 1795
2023-02-10 13:51:32,837 [django.server:187] [basehttp:log_message] [WARNING] "GET /static/js/sb-admin.min.js HTTP/1.1" 404 1813
2023-02-10 13:51:32,839 [django.server:187] [basehttp:log_message] [WARNING] "GET /static/js/demo/datatables-demo.js HTTP/1.1" 404 1837
2023-02-10 13:51:32,839 [django.server:187] [basehttp:log_message] [WARNING] "GET /static/js/demo/chart-area-demo.js HTTP/1.1" 404 1837
2023-02-10 13:53:12,418 [django.server:187] [basehttp:log_message] [INFO] "GET /index/ HTTP/1.1" 200 9078
2023-02-10 13:53:12,475 [django.server:187] [basehttp:log_message] [WARNING] "GET /static/js/bootstrap.min.js HTTP/1.1" 404 1816
2023-02-10 13:53:12,476 [django.server:187] [basehttp:log_message] [WARNING] "GET /static/js/sb-admin.min.js HTTP/1.1" 404 1813
2023-02-10 13:53:12,479 [django.server:187] [basehttp:log_message] [WARNING] "GET /static/js/jquery.js HTTP/1.1" 404 1795
2023-02-10 13:53:12,483 [django.server:187] [basehttp:log_message] [WARNING] "GET /static/js/demo/datatables-demo.js HTTP/1.1" 404 1837
2023-02-10 13:53:12,485 [django.server:187] [basehttp:log_message] [WARNING] "GET /static/js/demo/chart-area-demo.js HTTP/1.1" 404 1837
2023-02-10 13:53:30,252 [django.server:187] [basehttp:log_message] [ERROR] "GET /%5Edjango-sb-admin/ HTTP/1.1" 500 84963
2023-02-10 13:54:00,371 [django.server:187] [basehttp:log_message] [WARNING] "GET /static/js/jquery.js HTTP/1.1" 404 1795
2023-02-10 13:54:00,371 [django.server:187] [basehttp:log_message] [WARNING] "GET /static/css/sb-admin.css HTTP/1.1" 404 1807
2023-02-10 13:54:00,373 [django.server:187] [basehttp:log_message] [WARNING] "GET /static/js/bootstrap.min.js HTTP/1.1" 404 1816
2023-02-10 13:54:00,373 [django.server:187] [basehttp:log_message] [WARNING] "GET /static/js/demo/datatables-demo.js HTTP/1.1" 404 1837
2023-02-10 13:54:00,373 [django.server:187] [basehttp:log_message] [WARNING] "GET /static/js/sb-admin.min.js HTTP/1.1" 404 1813
2023-02-10 13:54:00,374 [django.server:187] [basehttp:log_message] [WARNING] "GET /static/js/demo/chart-area-demo.js HTTP/1.1" 404 1837
2023-02-10 13:54:04,404 [django.server:187] [basehttp:log_message] [WARNING] "GET /static/js/jquery.js HTTP/1.1" 404 1795
2023-02-10 13:54:06,814 [django.server:187] [basehttp:log_message] [INFO] "GET /static/vendor/bootstrap/js/bootstrap.bundle.min.js.map HTTP/1.1" 200 311949
2023-02-10 14:00:44,805 [django.server:187] [basehttp:log_message] [INFO] "GET /index/ HTTP/1.1" 200 9093
2023-02-10 14:00:44,834 [django.server:187] [basehttp:log_message] [INFO] "GET /static/base/js/bootstrap.min.js HTTP/1.1" 200 35951
2023-02-10 14:00:44,836 [django.server:187] [basehttp:log_message] [INFO] "GET /static/base/js/sb-admin.min.js HTTP/1.1" 200 930
2023-02-10 14:00:44,837 [django.server:187] [basehttp:log_message] [INFO] "GET /static/base/js/jquery.js HTTP/1.1" 200 95785
2023-02-10 14:00:44,846 [django.server:187] [basehttp:log_message] [WARNING] "GET /static/js/demo/datatables-demo.js HTTP/1.1" 404 1837
2023-02-10 14:00:44,851 [django.server:187] [basehttp:log_message] [WARNING] "GET /static/js/demo/chart-area-demo.js HTTP/1.1" 404 1837
2023-02-10 14:00:44,913 [django.server:187] [basehttp:log_message] [INFO] "GET /static/vendor/bootstrap/js/bootstrap.bundle.min.js.map HTTP/1.1" 200 311949
2023-02-10 14:01:08,947 [django.server:187] [basehttp:log_message] [ERROR] "GET /%5Edjango-sb-admin/dashboard/ HTTP/1.1" 500 85474
2023-02-10 14:01:09,928 [django.server:187] [basehttp:log_message] [INFO] "GET /static/vendor/bootstrap/js/bootstrap.bundle.min.js.map HTTP/1.1" 200 311949
2023-02-10 14:05:02,838 [django.server:187] [basehttp:log_message] [ERROR] "GET /%5Edjango-sb-admin/charts/ HTTP/1.1" 500 85603
2023-02-10 14:05:04,578 [django.server:187] [basehttp:log_message] [INFO] "GET /static/vendor/bootstrap/js/bootstrap.bundle.min.js.map HTTP/1.1" 200 311949
2023-02-10 14:21:17,257 [django.server:187] [basehttp:log_message] [INFO] "GET /static/login/css/login.css HTTP/1.1" 304 0
2023-02-10 14:21:17,257 [django.server:187] [basehttp:log_message] [INFO] "GET /static/bootstrap/js/popper.js HTTP/1.1" 304 0
2023-02-10 14:21:17,268 [django.server:187] [basehttp:log_message] [WARNING] "GET /register/images/login-icons.png HTTP/1.1" 404 2716
2023-02-10 14:24:31,999 [django.server:187] [basehttp:log_message] [INFO] "GET /static/vendor/fontawesome-free/css/all.min.css HTTP/1.1" 304 0
2023-02-10 14:24:31,999 [django.server:187] [basehttp:log_message] [INFO] "GET /static/vendor/datatables/dataTables.bootstrap4.css HTTP/1.1" 304 0
2023-02-10 14:24:32,003 [django.server:187] [basehttp:log_message] [INFO] "GET /static/base/css/sb-admin.css HTTP/1.1" 304 0
2023-02-10 14:24:32,004 [django.server:187] [basehttp:log_message] [INFO] "GET /static/base/js/jquery.js HTTP/1.1" 304 0
2023-02-10 14:24:32,004 [django.server:187] [basehttp:log_message] [INFO] "GET /static/vendor/jquery-easing/jquery.easing.min.js HTTP/1.1" 304 0
2023-02-10 14:24:32,004 [django.server:187] [basehttp:log_message] [INFO] "GET /static/vendor/jquery/jquery.min.js HTTP/1.1" 304 0
2023-02-10 14:24:32,004 [django.server:187] [basehttp:log_message] [INFO] "GET /static/base/js/bootstrap.min.js HTTP/1.1" 304 0
2023-02-10 14:24:32,004 [django.server:187] [basehttp:log_message] [INFO] "GET /static/vendor/bootstrap/js/bootstrap.bundle.min.js HTTP/1.1" 304 0
2023-02-10 14:24:32,006 [django.server:187] [basehttp:log_message] [INFO] "GET /static/vendor/datatables/jquery.dataTables.js HTTP/1.1" 304 0
2023-02-10 14:24:32,007 [django.server:187] [basehttp:log_message] [INFO] "GET /static/vendor/chart.js/Chart.min.js HTTP/1.1" 304 0
2023-02-10 14:24:32,008 [django.server:187] [basehttp:log_message] [INFO] "GET /static/vendor/datatables/dataTables.bootstrap4.js HTTP/1.1" 304 0
2023-02-10 14:24:32,130 [django.server:187] [basehttp:log_message] [WARNING] "GET /static/js/demo/datatables-demo.js HTTP/1.1" 404 1837
2023-02-10 14:24:32,130 [django.server:187] [basehttp:log_message] [INFO] "GET /static/base/js/sb-admin.min.js HTTP/1.1" 304 0
2023-02-10 14:24:32,134 [django.server:187] [basehttp:log_message] [WARNING] "GET /static/js/demo/chart-area-demo.js HTTP/1.1" 404 1837
2023-02-10 14:24:32,134 [django.server:187] [basehttp:log_message] [INFO] "GET /static/vendor/fontawesome-free/webfonts/fa-solid-900.woff2 HTTP/1.1" 304 0
2023-02-13 10:48:16,522 [django.server:187] [basehttp:log_message] [INFO] "GET /static/vendor/fontawesome-free/css/all.min.css HTTP/1.1" 304 0
2023-02-13 10:48:16,531 [django.server:187] [basehttp:log_message] [INFO] "GET /static/base/css/sb-admin.css HTTP/1.1" 304 0
2023-02-13 10:48:16,531 [django.server:187] [basehttp:log_message] [INFO] "GET /static/vendor/datatables/dataTables.bootstrap4.css HTTP/1.1" 304 0
2023-02-13 10:48:16,541 [django.server:187] [basehttp:log_message] [INFO] "GET /static/base/js/bootstrap.min.js HTTP/1.1" 304 0
2023-02-13 10:48:16,541 [django.server:187] [basehttp:log_message] [INFO] "GET /static/base/js/jquery.js HTTP/1.1" 304 0
2023-02-13 10:48:16,544 [django.server:187] [basehttp:log_message] [INFO] "GET /static/vendor/jquery-easing/jquery.easing.min.js HTTP/1.1" 304 0
2023-02-13 10:48:16,544 [django.server:187] [basehttp:log_message] [INFO] "GET /static/vendor/jquery/jquery.min.js HTTP/1.1" 304 0
2023-02-13 10:48:16,546 [django.server:187] [basehttp:log_message] [INFO] "GET /static/vendor/bootstrap/js/bootstrap.bundle.min.js HTTP/1.1" 304 0
2023-02-13 10:48:16,547 [django.server:187] [basehttp:log_message] [INFO] "GET /static/vendor/chart.js/Chart.min.js HTTP/1.1" 304 0
2023-02-13 10:48:16,548 [django.server:187] [basehttp:log_message] [INFO] "GET /static/vendor/datatables/jquery.dataTables.js HTTP/1.1" 304 0
2023-02-13 10:48:16,562 [django.server:187] [basehttp:log_message] [INFO] "GET /static/base/js/sb-admin.min.js HTTP/1.1" 304 0
2023-02-13 10:48:16,563 [django.server:187] [basehttp:log_message] [INFO] "GET /static/vendor/datatables/dataTables.bootstrap4.js HTTP/1.1" 304 0
2023-02-13 10:48:16,571 [django.server:187] [basehttp:log_message] [WARNING] "GET /static/js/demo/datatables-demo.js HTTP/1.1" 404 1837
2023-02-13 10:48:16,573 [django.server:187] [basehttp:log_message] [WARNING] "GET /static/js/demo/chart-area-demo.js HTTP/1.1" 404 1837
2023-02-13 10:48:16,598 [django.server:187] [basehttp:log_message] [INFO] "GET /static/vendor/fontawesome-free/webfonts/fa-solid-900.woff2 HTTP/1.1" 304 0
2023-02-13 10:48:17,713 [django.server:187] [basehttp:log_message] [WARNING] "GET /static/js/demo/chart-area-demo.js HTTP/1.1" 404 1837
2023-02-13 10:48:17,714 [django.server:187] [basehttp:log_message] [WARNING] "GET /static/js/demo/datatables-demo.js HTTP/1.1" 404 1837
2023-02-13 11:21:30,632 [django.server:187] [basehttp:log_message] [WARNING] "GET /static/css/sb-admin.css HTTP/1.1" 404 1807
2023-02-13 11:21:30,637 [django.server:187] [basehttp:log_message] [WARNING] "GET /static/js/jquery.js HTTP/1.1" 404 1795
2023-02-13 11:21:30,644 [django.server:187] [basehttp:log_message] [WARNING] "GET /static/js/sb-admin.min.js HTTP/1.1" 404 1813
2023-02-13 11:21:30,645 [django.server:187] [basehttp:log_message] [WARNING] "GET /static/js/demo/datatables-demo.js HTTP/1.1" 404 1837
2023-02-13 11:21:30,645 [django.server:187] [basehttp:log_message] [WARNING] "GET /static/js/bootstrap.min.js HTTP/1.1" 404 1816
2023-02-13 11:21:30,647 [django.server:187] [basehttp:log_message] [WARNING] "GET /static/js/demo/chart-area-demo.js HTTP/1.1" 404 1837
2023-02-13 11:27:47,923 [django.server:187] [basehttp:log_message] [WARNING] "GET /static/js/demo/chart-area-demo.js HTTP/1.1" 404 1837
2023-02-13 11:27:47,924 [django.server:187] [basehttp:log_message] [WARNING] "GET /static/js/demo/datatables-demo.js HTTP/1.1" 404 1837
2023-02-13 13:55:38,005 [django.server:187] [basehttp:log_message] [WARNING] "GET /static/js/demo/chart-area-demo.js HTTP/1.1" 404 1837
2023-02-13 13:55:38,007 [django.server:187] [basehttp:log_message] [WARNING] "GET /static/js/demo/datatables-demo.js HTTP/1.1" 404 1837
