2022-12-02 17:16:32,020 [django.utils.autoreload:677] [autoreload:run_with_reloader] [INFO] Watching for file changes with StatReloader
2022-12-02 17:16:35,327 [views:37] [views:delete] [INFO] None
2022-12-02 17:16:35,373 [django.server:187] [basehttp:log_message] [ERROR] "DELETE /mock/schedu_center/?ids=1 HTTP/1.1" 500 145377
2022-12-02 17:18:36,255 [django.utils.autoreload:266] [autoreload:trigger_reload] [INFO] D:\项目\MockServer\mdc_mock\urls.py changed, reloading.
2022-12-02 17:18:36,984 [django.utils.autoreload:677] [autoreload:run_with_reloader] [INFO] Watching for file changes with StatReloader
2022-12-02 17:18:39,344 [views:37] [views:delete] [INFO] None
2022-12-02 17:18:39,389 [django.server:187] [basehttp:log_message] [ERROR] "DELETE /mock/schedu_center?ids=1 HTTP/1.1" 500 145361
2022-12-02 17:20:27,063 [django.utils.autoreload:266] [autoreload:trigger_reload] [INFO] D:\项目\MockServer\mdc_mock\views.py changed, reloading.
2022-12-02 17:20:27,731 [django.utils.autoreload:677] [autoreload:run_with_reloader] [INFO] Watching for file changes with StatReloader
2022-12-02 17:20:29,564 [django.server:187] [basehttp:log_message] [ERROR] "DELETE /mock/schedu_center?ids=1 HTTP/1.1" 500 101751
2022-12-02 17:25:04,536 [django.utils.autoreload:266] [autoreload:trigger_reload] [INFO] D:\项目\MockServer\mdc_mock\views.py changed, reloading.
2022-12-02 17:25:05,262 [django.utils.autoreload:677] [autoreload:run_with_reloader] [INFO] Watching for file changes with StatReloader
2022-12-02 17:25:09,394 [django.server:187] [basehttp:log_message] [INFO] "GET /mock/schedu_center?ids=1 HTTP/1.1" 200 329
2022-12-02 17:25:14,344 [django.server:187] [basehttp:log_message] [ERROR] "DELETE /mock/schedu_center?ids=1 HTTP/1.1" 500 101436
2022-12-02 17:25:30,147 [django.server:187] [basehttp:log_message] [ERROR] "DELETE /mock/schedu_center?ids=1 HTTP/1.1" 500 101436
2022-12-02 17:25:36,739 [django.server:187] [basehttp:log_message] [ERROR] "DELETE /mock/schedu_center?ids=1 HTTP/1.1" 500 101436
2022-12-02 17:27:05,219 [django.utils.autoreload:266] [autoreload:trigger_reload] [INFO] D:\项目\MockServer\mdc_mock\views.py changed, reloading.
2022-12-02 17:27:06,095 [django.utils.autoreload:677] [autoreload:run_with_reloader] [INFO] Watching for file changes with StatReloader
2022-12-02 17:27:08,782 [django.server:187] [basehttp:log_message] [ERROR] "DELETE /mock/schedu_center?ids=1 HTTP/1.1" 500 101448
2022-12-02 17:27:15,402 [django.server:187] [basehttp:log_message] [ERROR] "DELETE /mock/schedu_center?ids=1 HTTP/1.1" 500 101452
2022-12-02 17:27:15,886 [django.utils.autoreload:266] [autoreload:trigger_reload] [INFO] D:\项目\MockServer\mdc_mock\views.py changed, reloading.
2022-12-02 17:27:16,396 [django.utils.autoreload:677] [autoreload:run_with_reloader] [INFO] Watching for file changes with StatReloader
2022-12-02 17:27:18,208 [django.server:187] [basehttp:log_message] [ERROR] "DELETE /mock/schedu_center?ids=1 HTTP/1.1" 500 101472
2022-12-02 17:27:21,072 [django.server:187] [basehttp:log_message] [ERROR] "DELETE /mock/schedu_center?ids=1 HTTP/1.1" 500 101472
2022-12-02 17:28:26,052 [django.utils.autoreload:266] [autoreload:trigger_reload] [INFO] D:\项目\MockServer\mdc_mock\views.py changed, reloading.
2022-12-02 17:28:26,493 [django.utils.autoreload:677] [autoreload:run_with_reloader] [INFO] Watching for file changes with StatReloader
2022-12-02 17:28:29,574 [views:38] [views:delete] [INFO] None
2022-12-02 17:28:29,622 [django.server:187] [basehttp:log_message] [ERROR] "DELETE /mock/schedu_center?ids=1 HTTP/1.1" 500 145059
2022-12-02 17:29:55,772 [django.utils.autoreload:266] [autoreload:trigger_reload] [INFO] D:\项目\MockServer\mdc_mock\views.py changed, reloading.
2022-12-02 17:29:56,338 [django.utils.autoreload:677] [autoreload:run_with_reloader] [INFO] Watching for file changes with StatReloader
2022-12-02 17:29:58,338 [views:38] [views:delete] [INFO] 1
2022-12-02 17:29:58,345 [django.server:187] [basehttp:log_message] [INFO] "DELETE /mock/schedu_center?ids=1 HTTP/1.1" 200 42
2022-12-02 17:30:46,283 [django.utils.autoreload:266] [autoreload:trigger_reload] [INFO] D:\项目\MockServer\mdc_mock\views.py changed, reloading.
2022-12-02 17:30:46,998 [django.utils.autoreload:677] [autoreload:run_with_reloader] [INFO] Watching for file changes with StatReloader
2022-12-02 17:30:49,221 [views:38] [views:delete] [INFO] 1
2022-12-02 17:30:49,224 [django.server:187] [basehttp:log_message] [INFO] "DELETE /mock/schedu_center?ids=1 HTTP/1.1" 200 44
2022-12-02 17:31:39,407 [django.utils.autoreload:266] [autoreload:trigger_reload] [INFO] D:\项目\MockServer\mdc_mock\models.py changed, reloading.
2022-12-02 17:31:39,929 [django.utils.autoreload:677] [autoreload:run_with_reloader] [INFO] Watching for file changes with StatReloader
2022-12-02 17:32:17,962 [django.server:187] [basehttp:log_message] [INFO] "POST /mock/schedu_center HTTP/1.1" 200 87
2022-12-02 17:35:38,316 [django.utils.autoreload:266] [autoreload:trigger_reload] [INFO] D:\项目\MockServer\mdc_mock\models.py changed, reloading.
2022-12-02 17:35:38,757 [django.utils.autoreload:677] [autoreload:run_with_reloader] [INFO] Watching for file changes with StatReloader
2022-12-02 17:37:16,601 [django.utils.autoreload:677] [autoreload:run_with_reloader] [INFO] Watching for file changes with StatReloader
2022-12-02 17:37:18,233 [views:38] [views:delete] [INFO] 0
2022-12-02 17:37:18,236 [django.server:187] [basehttp:log_message] [INFO] "DELETE /mock/schedu_center?ids=0 HTTP/1.1" 200 44
2022-12-02 17:57:43,947 [django.utils.autoreload:677] [autoreload:run_with_reloader] [INFO] Watching for file changes with StatReloader
2022-12-02 17:57:46,897 [views:39] [views:delete] [INFO] 0
2022-12-02 17:57:46,902 [django.server:187] [basehttp:log_message] [INFO] "DELETE /mock/schedu_center?ids=0 HTTP/1.1" 200 44
2022-12-02 17:57:55,672 [views:27] [views:post] [INFO] MdcMockSerializers(data={'mockName': '调度中台mock接口', 'requestUrl': 'https://www.baidu.com', 'requestHeaders': {'Content-Type': 'application/json;charset=utf-8'}, 'requestParamsKey': '123', 'requestParamsvalue': '123', 'requestBody': {'1': 1}, 'responseHeaders': {'1': 1}, 'responseBody': {'1': 1}, 'remark': '123'}):
    id = IntegerField(label='ID', read_only=True)
    createTime = DateTimeField(format='%Y-%m-%d %H:%M:%S', required=False)
    updateTime = DateTimeField(format='%Y-%m-%d %H:%M:%S', required=False)
    mockName = CharField(label='Mock接口名称', max_length=100, required=False)
    requestUrl = URLField(label='请求路径', max_length=200)
    requestHeaders = JSONField(decoder=None, encoder=None, label='请求头', style={'base_template': 'textarea.html'})
    requestParamsKey = CharField(label='请求参数', max_length=100, required=False)
    requestParamsValue = CharField(label='请求参数', max_length=100, required=False)
    requestBody = JSONField(decoder=None, encoder=None, label='请求体', required=False, style={'base_template': 'textarea.html'})
    responseHeaders = JSONField(decoder=None, encoder=None, label='响应头', required=False, style={'base_template': 'textarea.html'})
    responseBody = JSONField(decoder=None, encoder=None, label='响应体', required=False, style={'base_template': 'textarea.html'})
    responseStatus_code = ChoiceField(choices=((1, 200), (2, 403), (3, 500), (4, 503)), label='状态码', required=False)
    responseTime = IntegerField(label='响应时间', required=False)
    remark = CharField(max_length=100, style={'base_template': 'textarea.html'})
2022-12-02 17:57:55,757 [django.server:187] [basehttp:log_message] [ERROR] "POST /mock/schedu_center HTTP/1.1" 500 207299
2022-12-02 18:00:29,038 [django.utils.autoreload:266] [autoreload:trigger_reload] [INFO] D:\项目\MockServer\MockServer\settings.py changed, reloading.
2022-12-02 18:00:29,697 [django.utils.autoreload:677] [autoreload:run_with_reloader] [INFO] Watching for file changes with StatReloader
2022-12-02 18:01:57,557 [django.utils.autoreload:266] [autoreload:trigger_reload] [INFO] D:\项目\MockServer\mdc_mock\views.py changed, reloading.
2022-12-02 18:01:57,992 [django.utils.autoreload:677] [autoreload:run_with_reloader] [INFO] Watching for file changes with StatReloader
2022-12-02 18:02:04,939 [views:27] [views:post] [INFO] 调度中台mock接口
2022-12-02 18:02:04,991 [django.server:187] [basehttp:log_message] [ERROR] "POST /mock/schedu_center HTTP/1.1" 500 102128
2022-12-02 18:04:22,551 [views:27] [views:post] [INFO] 调度中台mock接口
2022-12-02 18:04:22,586 [django.server:187] [basehttp:log_message] [ERROR] "POST /mock/schedu_center HTTP/1.1" 500 102128
2022-12-02 18:05:16,879 [django.utils.autoreload:266] [autoreload:trigger_reload] [INFO] D:\项目\MockServer\mdc_mock\models.py changed, reloading.
2022-12-02 18:05:17,322 [django.utils.autoreload:677] [autoreload:run_with_reloader] [INFO] Watching for file changes with StatReloader
2022-12-02 18:05:18,954 [views:27] [views:post] [INFO] 调度中台mock接口
2022-12-02 18:05:18,986 [django.server:187] [basehttp:log_message] [ERROR] "POST /mock/schedu_center HTTP/1.1" 500 102192
2022-12-02 18:07:02,651 [django.server:187] [basehttp:log_message] [INFO] "GET /mock/schedu_center HTTP/1.1" 200 40
2022-12-02 18:07:07,466 [views:27] [views:post] [INFO] 调度中台mock接口
2022-12-02 18:07:07,489 [django.server:187] [basehttp:log_message] [ERROR] "POST /mock/schedu_center HTTP/1.1" 500 102192
2022-12-02 18:07:25,723 [django.utils.autoreload:266] [autoreload:trigger_reload] [INFO] D:\项目\MockServer\mdc_mock\views.py changed, reloading.
2022-12-02 18:07:26,158 [django.utils.autoreload:677] [autoreload:run_with_reloader] [INFO] Watching for file changes with StatReloader
2022-12-02 18:07:28,057 [views:27] [views:post] [INFO] 调度中台mock接口
2022-12-02 18:07:28,099 [django.server:187] [basehttp:log_message] [ERROR] "POST /mock/schedu_center HTTP/1.1" 500 102512
2022-12-02 18:07:29,330 [views:27] [views:post] [INFO] 调度中台mock接口
2022-12-02 18:07:29,365 [django.server:187] [basehttp:log_message] [ERROR] "POST /mock/schedu_center HTTP/1.1" 500 102512
2022-12-02 18:08:05,673 [django.utils.autoreload:266] [autoreload:trigger_reload] [INFO] D:\项目\MockServer\mdc_mock\views.py changed, reloading.
2022-12-02 18:08:06,183 [django.utils.autoreload:677] [autoreload:run_with_reloader] [INFO] Watching for file changes with StatReloader
2022-12-02 18:08:07,576 [django.server:187] [basehttp:log_message] [INFO] "POST /mock/schedu_center HTTP/1.1" 200 435
2022-12-02 18:08:23,216 [django.utils.autoreload:266] [autoreload:trigger_reload] [INFO] D:\项目\MockServer\mdc_mock\views.py changed, reloading.
2022-12-02 18:08:23,673 [django.utils.autoreload:677] [autoreload:run_with_reloader] [INFO] Watching for file changes with StatReloader
2022-12-02 18:08:25,527 [views:27] [views:post] [INFO] 调度中台mock接口
2022-12-02 18:08:25,570 [django.server:187] [basehttp:log_message] [ERROR] "POST /mock/schedu_center HTTP/1.1" 500 102193
2022-12-02 18:10:23,278 [views:27] [views:post] [INFO] 调度中台mock接口
2022-12-02 18:10:23,309 [django.server:187] [basehttp:log_message] [ERROR] "POST /mock/schedu_center HTTP/1.1" 500 102346
2022-12-02 18:10:23,496 [django.utils.autoreload:266] [autoreload:trigger_reload] [INFO] D:\项目\MockServer\mdc_mock\views.py changed, reloading.
2022-12-02 18:10:24,062 [django.utils.autoreload:677] [autoreload:run_with_reloader] [INFO] Watching for file changes with StatReloader
2022-12-02 18:10:25,305 [django.server:187] [basehttp:log_message] [INFO] "POST /mock/schedu_center HTTP/1.1" 200 52
2022-12-02 18:10:48,065 [django.utils.autoreload:266] [autoreload:trigger_reload] [INFO] D:\项目\MockServer\mdc_mock\views.py changed, reloading.
2022-12-02 18:10:48,509 [django.utils.autoreload:677] [autoreload:run_with_reloader] [INFO] Watching for file changes with StatReloader
2022-12-02 18:10:51,646 [django.server:187] [basehttp:log_message] [INFO] "POST /mock/schedu_center HTTP/1.1" 200 52
2022-12-02 18:11:22,723 [django.server:187] [basehttp:log_message] [INFO] "POST /mock/schedu_center HTTP/1.1" 200 436
2022-12-02 18:14:56,118 [django.utils.autoreload:266] [autoreload:trigger_reload] [INFO] D:\项目\MockServer\mdc_mock\views.py changed, reloading.
2022-12-02 18:14:56,689 [django.utils.autoreload:677] [autoreload:run_with_reloader] [INFO] Watching for file changes with StatReloader
2022-12-02 18:17:48,686 [django.utils.autoreload:266] [autoreload:trigger_reload] [INFO] D:\项目\MockServer\mdc_mock\views.py changed, reloading.
2022-12-02 18:17:49,294 [django.utils.autoreload:677] [autoreload:run_with_reloader] [INFO] Watching for file changes with StatReloader
2022-12-02 18:17:52,165 [django.server:187] [basehttp:log_message] [INFO] "PUT /mock/schedu_center HTTP/1.1" 200 52
2022-12-05 16:52:03,758 [django.server:187] [basehttp:log_message] [ERROR] "PUT /mock/schedu_center HTTP/1.1" 500 95370
2022-12-05 16:52:15,419 [django.server:187] [basehttp:log_message] [ERROR] "PUT /mock/schedu_center HTTP/1.1" 500 95370
