2022-12-05 16:53:59,262 [django.utils.autoreload:677] [autoreload:run_with_reloader] [INFO] Watching for file changes with StatReloader
2022-12-05 16:54:02,182 [django.server:187] [basehttp:log_message] [ERROR] "PUT /mock/schedu_center HTTP/1.1" 500 95370
2022-12-05 16:57:48,955 [django.server:187] [basehttp:log_message] [INFO] "PUT /mock/schedu_center HTTP/1.1" 200 52
2022-12-05 16:57:58,322 [django.server:187] [basehttp:log_message] [ERROR] "PUT /mock/schedu_center HTTP/1.1" 500 95370
2022-12-05 16:58:54,091 [django.utils.autoreload:266] [autoreload:trigger_reload] [INFO] D:\项目\MockServer\mdc_mock\views.py changed, reloading.
2022-12-05 16:58:56,055 [django.utils.autoreload:677] [autoreload:run_with_reloader] [INFO] Watching for file changes with StatReloader
2022-12-05 16:58:59,905 [django.server:187] [basehttp:log_message] [ERROR] "PUT /mock/schedu_center HTTP/1.1" 500 95603
2022-12-05 16:59:57,303 [django.utils.autoreload:266] [autoreload:trigger_reload] [INFO] D:\项目\MockServer\mdc_mock\views.py changed, reloading.
2022-12-05 16:59:57,818 [django.utils.autoreload:677] [autoreload:run_with_reloader] [INFO] Watching for file changes with StatReloader
2022-12-05 16:59:58,236 [django.server:187] [basehttp:log_message] [ERROR] "PUT /mock/schedu_center HTTP/1.1" 500 106030
2022-12-05 17:00:02,361 [django.utils.autoreload:677] [autoreload:run_with_reloader] [INFO] Watching for file changes with StatReloader
2022-12-05 17:00:04,343 [django.server:187] [basehttp:log_message] [ERROR] "PUT /mock/schedu_center HTTP/1.1" 500 106030
2022-12-05 17:00:22,335 [django.utils.autoreload:266] [autoreload:trigger_reload] [INFO] D:\项目\MockServer\mdc_mock\views.py changed, reloading.
2022-12-05 17:00:22,843 [django.utils.autoreload:677] [autoreload:run_with_reloader] [INFO] Watching for file changes with StatReloader
2022-12-05 17:00:26,313 [django.utils.autoreload:677] [autoreload:run_with_reloader] [INFO] Watching for file changes with StatReloader
2022-12-05 17:00:30,838 [django.server:187] [basehttp:log_message] [ERROR] "PUT /mock/schedu_center HTTP/1.1" 500 106163
2022-12-05 17:06:37,019 [django.utils.autoreload:266] [autoreload:trigger_reload] [INFO] D:\项目\MockServer\mdc_mock\views.py changed, reloading.
2022-12-05 17:06:37,472 [django.utils.autoreload:677] [autoreload:run_with_reloader] [INFO] Watching for file changes with StatReloader
2022-12-05 17:06:42,437 [django.server:187] [basehttp:log_message] [ERROR] "PUT /mock/schedu_center HTTP/1.1" 500 106169
2022-12-05 17:07:12,925 [django.server:187] [basehttp:log_message] [WARNING] "GET / HTTP/1.1" 404 2168
2022-12-05 17:07:13,063 [django.server:187] [basehttp:log_message] [WARNING] "GET /favicon.ico HTTP/1.1" 404 2219
2022-12-05 17:11:50,439 [django.utils.autoreload:266] [autoreload:trigger_reload] [INFO] D:\项目\MockServer\mdc_mock\views.py changed, reloading.
2022-12-05 17:11:50,893 [django.utils.autoreload:677] [autoreload:run_with_reloader] [INFO] Watching for file changes with StatReloader
2022-12-05 17:12:00,578 [django.server:187] [basehttp:log_message] [INFO] "PUT /mock/schedu_center HTTP/1.1" 200 318
2022-12-05 17:17:00,662 [django.utils.autoreload:266] [autoreload:trigger_reload] [INFO] D:\项目\MockServer\mdc_mock\views.py changed, reloading.
2022-12-05 17:17:01,339 [django.utils.autoreload:677] [autoreload:run_with_reloader] [INFO] Watching for file changes with StatReloader
