2022-12-12 15:58:33,698 [django.utils.autoreload:677] [autoreload:run_with_reloader] [INFO] Watching for file changes with StatReloader
2022-12-12 16:25:47,966 [django.utils.autoreload:266] [autoreload:trigger_reload] [INFO] D:\项目\MockServer\MockServer\settings.py changed, reloading.
2022-12-12 16:25:48,879 [django.utils.autoreload:677] [autoreload:run_with_reloader] [INFO] Watching for file changes with StatReloader
2022-12-12 16:25:57,905 [django.utils.autoreload:266] [autoreload:trigger_reload] [INFO] D:\项目\MockServer\MockServer\settings.py changed, reloading.
2022-12-12 16:25:58,648 [django.utils.autoreload:677] [autoreload:run_with_reloader] [INFO] Watching for file changes with StatReloader
2022-12-12 16:29:55,547 [django.utils.autoreload:266] [autoreload:trigger_reload] [INFO] D:\项目\MockServer\mdc_mock\views.py changed, reloading.
2022-12-12 16:29:56,626 [django.utils.autoreload:677] [autoreload:run_with_reloader] [INFO] Watching for file changes with StatReloader
2022-12-12 16:30:47,171 [django.utils.autoreload:266] [autoreload:trigger_reload] [INFO] D:\项目\MockServer\mdc_mock\views.py changed, reloading.
2022-12-12 16:30:47,745 [django.utils.autoreload:677] [autoreload:run_with_reloader] [INFO] Watching for file changes with StatReloader
2022-12-12 16:31:22,074 [django.utils.autoreload:266] [autoreload:trigger_reload] [INFO] D:\项目\MockServer\mdc_mock\views.py changed, reloading.
2022-12-12 16:31:22,868 [django.utils.autoreload:677] [autoreload:run_with_reloader] [INFO] Watching for file changes with StatReloader
2022-12-12 16:31:54,108 [django.utils.autoreload:266] [autoreload:trigger_reload] [INFO] D:\项目\MockServer\mdc_mock\views.py changed, reloading.
2022-12-12 16:31:54,685 [django.utils.autoreload:677] [autoreload:run_with_reloader] [INFO] Watching for file changes with StatReloader
2022-12-12 16:32:11,756 [django.utils.autoreload:266] [autoreload:trigger_reload] [INFO] D:\项目\MockServer\mdc_mock\views.py changed, reloading.
2022-12-12 16:32:12,367 [django.utils.autoreload:677] [autoreload:run_with_reloader] [INFO] Watching for file changes with StatReloader
2022-12-12 16:35:16,924 [django.utils.autoreload:266] [autoreload:trigger_reload] [INFO] D:\项目\MockServer\mdc_mock\views.py changed, reloading.
2022-12-12 16:35:17,591 [django.utils.autoreload:677] [autoreload:run_with_reloader] [INFO] Watching for file changes with StatReloader
2022-12-12 16:40:27,449 [django.utils.autoreload:266] [autoreload:trigger_reload] [INFO] D:\项目\MockServer\mdc_mock\views.py changed, reloading.
2022-12-12 16:40:28,016 [django.utils.autoreload:677] [autoreload:run_with_reloader] [INFO] Watching for file changes with StatReloader
2022-12-12 16:45:25,626 [django.utils.autoreload:266] [autoreload:trigger_reload] [INFO] D:\项目\MockServer\mdc_mock\comon\forwarding_requests.py changed, reloading.
2022-12-12 16:45:26,369 [django.utils.autoreload:677] [autoreload:run_with_reloader] [INFO] Watching for file changes with StatReloader
2022-12-14 16:47:42,527 [django.server:187] [basehttp:log_message] [ERROR] "PUT /mock/schedu_center/ HTTP/1.1" 500 52
2022-12-26 16:04:51,452 [django.utils.autoreload:266] [autoreload:trigger_reload] [INFO] D:\项目\MockServer\mdc_mock\comon\forwarding_requests.py changed, reloading.
